[2019-09-09 22:33:46,559] INFO : ====================== started =========================
[2019-09-09 22:33:46,772] DEBUG :     transaction_date transction_amount            transaction_description type
18        2019-08-04            -17.52                  支付宝-三立人（深圳）科技有限公司  cmb
20        2019-08-06              -100                               大众出行  cmb
22        2019-08-07               180                     美团点评-美团支付-美团支付  cmb
24        2019-08-07                86                              餐饮优惠券  cmb
42        2019-08-08            -11.73                   支付宝-江西凌渲电子商务有限公司  cmb
38        2019-08-08            -26.97                   支付宝-江西凌渲电子商务有限公司  cmb
36        2019-08-08            -10.82                   支付宝-江西凌渲电子商务有限公司  cmb
34        2019-08-08             56.35  京东到家                (MI PAY:9361)  cmb
40        2019-08-08            -21.65                   支付宝-江西凌渲电子商务有限公司  cmb
30        2019-08-08            263.08                    支付宝-汕头市嘉懋贸易有限公司  cmb
28        2019-08-08            271.59                   支付宝-江西凌渲电子商务有限公司  cmb
26        2019-08-08               111                            支付宝-信食汇  cmb
32        2019-08-08               180                     美团点评-美团支付-美团支付  cmb
44        2019-08-09            190.75                 支付宝-中化道达尔油品有限公司上海周  cmb
46        2019-08-09              35.9                 支付宝-深圳市曼思钢不锈钢制品有限公  cmb
48        2019-08-09                93                              餐饮优惠券  cmb
50        2019-08-10              60.8                           支付宝-上海盒马  cmb
52        2019-08-10                96                   支付宝-上海宝燕网络科技有限公司  cmb
64        2019-08-11              25.1                  支付宝-上海拉扎斯信息科技有限公司  cmb
54        2019-08-11              -0.3                                回馈金  cmb
56        2019-08-11              -0.5                                回馈金  cmb
58        2019-08-11              -0.3                                回馈金  cmb
60        2019-08-11             43.95                  支付宝-上海壹佰米网络科技有限公司  cmb
62        2019-08-11                96                  支付宝-上海壹佰米网络科技有限公司  cmb
70        2019-08-12              1000                            财付通-小菜园  cmb
66        2019-08-12              -0.3                                回馈金  cmb
68        2019-08-12             149.3                  支付宝-上海拉扎斯信息科技有限公司  cmb
72        2019-08-13              -0.3                                回馈金  cmb
74        2019-08-13              -0.3                                回馈金  cmb
76        2019-08-13               170                     美团点评-美团支付-美团支付  cmb
..               ...               ...                                ...  ...
178       2019-08-27                12                   支付宝-广州首顺电子科技有限公司  cmb
174       2019-08-27              -0.3                                回馈金  cmb
180       2019-08-28               170                     美团点评-美团支付-美团支付  cmb
182       2019-08-28             49.51                  支付宝-上海壹佰米网络科技有限公司  cmb
184       2019-08-28             14.97                    支付宝-外婆家餐饮集团有限公司  cmb
186       2019-08-28             -8.99                  支付宝-上海壹佰米网络科技有限公司  cmb
188       2019-08-29             30.52                  支付宝-上海壹佰米网络科技有限公司  cmb
190       2019-08-29               999                           财付通-冰火名家  cmb
202       2019-08-30              19.9                   支付宝-HQG, Limited  cmb
192       2019-08-30              -0.3                                回馈金  cmb
194       2019-08-30              34.7                  支付宝-上海拉扎斯信息科技有限公司  cmb
196       2019-08-30             62.59                  支付宝-上海壹佰米网络科技有限公司  cmb
198       2019-08-30             59.39                  支付宝-上海壹佰米网络科技有限公司  cmb
200       2019-08-30                21                 支付宝-上海尔广餐饮管理有限公司第一  cmb
216       2019-08-31              -796                 支付宝-浙江美达国际旅行社有限公司上  cmb
214       2019-08-31                23                手机银行饭票-星巴克38元大杯夏季特*  cmb
212       2019-08-31             135.3                  支付宝-上海拉扎斯信息科技有限公司  cmb
206       2019-08-31          10342.08                  支付宝-Cebu Air,Inc.  cmb
208       2019-08-31               796                 支付宝-浙江美达国际旅行社有限公司上  cmb
204       2019-08-31                -3                           回馈金-天天红包  cmb
210       2019-08-31              29.3                  支付宝-上海拉扎斯信息科技有限公司  cmb
218       2019-09-02               170                     美团点评-美团支付-美团支付  cmb
220       2019-09-02                30                    支付宝-外婆家餐饮集团有限公司  cmb
226       2019-09-03              9.78                               顺丰速运  cmb
222       2019-09-03             87.99                       苏宁易付宝-上海奉浦苏宁  cmb
224       2019-09-03               336  网易考拉                (MI PAY:9361)  cmb
228       2019-09-04              34.5                  支付宝-上海拉扎斯信息科技有限公司  cmb
232       2019-09-05               161                        财付通-耶里夏丽政通店  cmb
230       2019-09-05               -35                                回馈金  cmb
234       2019-09-06             149.3                  支付宝-上海拉扎斯信息科技有限公司  cmb

[109 rows x 4 columns]
[2019-09-09 22:33:46,980] DEBUG :     transaction_date transction_amount            transaction_description type
18        2019-08-04            -17.52                  支付宝-三立人（深圳）科技有限公司  cmb
20        2019-08-06              -100                               大众出行  cmb
22        2019-08-07               180                     美团点评-美团支付-美团支付  cmb
24        2019-08-07                86                              餐饮优惠券  cmb
42        2019-08-08            -11.73                   支付宝-江西凌渲电子商务有限公司  cmb
38        2019-08-08            -26.97                   支付宝-江西凌渲电子商务有限公司  cmb
36        2019-08-08            -10.82                   支付宝-江西凌渲电子商务有限公司  cmb
34        2019-08-08             56.35  京东到家                (MI PAY:9361)  cmb
40        2019-08-08            -21.65                   支付宝-江西凌渲电子商务有限公司  cmb
30        2019-08-08            263.08                    支付宝-汕头市嘉懋贸易有限公司  cmb
28        2019-08-08            271.59                   支付宝-江西凌渲电子商务有限公司  cmb
26        2019-08-08               111                            支付宝-信食汇  cmb
32        2019-08-08               180                     美团点评-美团支付-美团支付  cmb
44        2019-08-09            190.75                 支付宝-中化道达尔油品有限公司上海周  cmb
46        2019-08-09              35.9                 支付宝-深圳市曼思钢不锈钢制品有限公  cmb
48        2019-08-09                93                              餐饮优惠券  cmb
50        2019-08-10              60.8                           支付宝-上海盒马  cmb
52        2019-08-10                96                   支付宝-上海宝燕网络科技有限公司  cmb
64        2019-08-11              25.1                  支付宝-上海拉扎斯信息科技有限公司  cmb
54        2019-08-11              -0.3                                回馈金  cmb
56        2019-08-11              -0.5                                回馈金  cmb
58        2019-08-11              -0.3                                回馈金  cmb
60        2019-08-11             43.95                  支付宝-上海壹佰米网络科技有限公司  cmb
62        2019-08-11                96                  支付宝-上海壹佰米网络科技有限公司  cmb
70        2019-08-12              1000                            财付通-小菜园  cmb
66        2019-08-12              -0.3                                回馈金  cmb
68        2019-08-12             149.3                  支付宝-上海拉扎斯信息科技有限公司  cmb
72        2019-08-13              -0.3                                回馈金  cmb
74        2019-08-13              -0.3                                回馈金  cmb
76        2019-08-13               170                     美团点评-美团支付-美团支付  cmb
..               ...               ...                                ...  ...
178       2019-08-27                12                   支付宝-广州首顺电子科技有限公司  cmb
174       2019-08-27              -0.3                                回馈金  cmb
180       2019-08-28               170                     美团点评-美团支付-美团支付  cmb
182       2019-08-28             49.51                  支付宝-上海壹佰米网络科技有限公司  cmb
184       2019-08-28             14.97                    支付宝-外婆家餐饮集团有限公司  cmb
186       2019-08-28             -8.99                  支付宝-上海壹佰米网络科技有限公司  cmb
188       2019-08-29             30.52                  支付宝-上海壹佰米网络科技有限公司  cmb
190       2019-08-29               999                           财付通-冰火名家  cmb
202       2019-08-30              19.9                   支付宝-HQG, Limited  cmb
192       2019-08-30              -0.3                                回馈金  cmb
194       2019-08-30              34.7                  支付宝-上海拉扎斯信息科技有限公司  cmb
196       2019-08-30             62.59                  支付宝-上海壹佰米网络科技有限公司  cmb
198       2019-08-30             59.39                  支付宝-上海壹佰米网络科技有限公司  cmb
200       2019-08-30                21                 支付宝-上海尔广餐饮管理有限公司第一  cmb
216       2019-08-31              -796                 支付宝-浙江美达国际旅行社有限公司上  cmb
214       2019-08-31                23                手机银行饭票-星巴克38元大杯夏季特*  cmb
212       2019-08-31             135.3                  支付宝-上海拉扎斯信息科技有限公司  cmb
206       2019-08-31          10342.08                  支付宝-Cebu Air,Inc.  cmb
208       2019-08-31               796                 支付宝-浙江美达国际旅行社有限公司上  cmb
204       2019-08-31                -3                           回馈金-天天红包  cmb
210       2019-08-31              29.3                  支付宝-上海拉扎斯信息科技有限公司  cmb
218       2019-09-02               170                     美团点评-美团支付-美团支付  cmb
220       2019-09-02                30                    支付宝-外婆家餐饮集团有限公司  cmb
226       2019-09-03              9.78                               顺丰速运  cmb
222       2019-09-03             87.99                       苏宁易付宝-上海奉浦苏宁  cmb
224       2019-09-03               336  网易考拉                (MI PAY:9361)  cmb
228       2019-09-04              34.5                  支付宝-上海拉扎斯信息科技有限公司  cmb
232       2019-09-05               161                        财付通-耶里夏丽政通店  cmb
230       2019-09-05               -35                                回馈金  cmb
234       2019-09-06             149.3                  支付宝-上海拉扎斯信息科技有限公司  cmb

[109 rows x 4 columns]
[2019-09-09 22:33:47,126] DEBUG :     transaction_date transction_amount transaction_description    type
267       2019-08-02             -31.5                     信食汇  pocket
270       2019-08-02               0.3                     NaN  pocket
272       2019-08-02            -220.5                     NaN  pocket
271       2019-08-02            -25.18                      拼车  pocket
258       2019-08-04             17.52                      焦内  pocket
257       2019-08-04            -94.05                      焦内  pocket
256       2019-08-04             -34.8                      牛奶  pocket
252       2019-08-06            -243.6                     NaN  pocket
246       2019-08-06             -30.4                     外婆家  pocket
245       2019-08-06               0.6                     NaN  pocket
237       2019-08-07              -180                      宝燕  pocket
234       2019-08-08           -254.66                     NaN  pocket
233       2019-08-08             71.17                    摩登主妇  pocket
232       2019-08-08           -263.08                  沐浴露 内裤  pocket
230       2019-08-08            -56.35                      牛奶  pocket
231       2019-08-08           -271.59                     防尘罩  pocket
229       2019-08-08            -36.34                     信食汇  pocket
222       2019-08-09           -162.75                     NaN  pocket
221       2019-08-09             -35.9                      粉抓  pocket
220       2019-08-09           -190.75                      加油  pocket
219       2019-08-09              5.72                    掌上生活  pocket
218       2019-08-09            -16.25                     新白鹿  pocket
217       2019-08-10             -60.8                  三文鱼 橙汁  pocket
216       2019-08-10               -96                 宝燕到家 味全  pocket
212       2019-08-11            -43.95               叮咚 葡萄 车厘子  pocket
213       2019-08-11             -25.1                     白斩鸡  pocket
215       2019-08-11               1.1                     NaN  pocket
214       2019-08-11               -96                   叮咚冲会员  pocket
207       2019-08-12             -1000                     NaN  pocket
206       2019-08-12               0.3                     NaN  pocket
..               ...               ...                     ...     ...
80        2019-08-27               0.3                     NaN  pocket
82        2019-08-27               -49                      芳芯  pocket
78        2019-08-28              -148                     NaN  pocket
77        2019-08-28            -36.97                     外婆家  pocket
76        2019-08-28            -49.51                      叮咚  pocket
75        2019-08-28              8.99                      叮咚  pocket
72        2019-08-29              -999                     NaN  pocket
71        2019-08-29            -30.52                      叮咚  pocket
50        2019-08-30            -62.59                      叮咚  pocket
49        2019-08-30             -34.7                      牛奶  pocket
52        2019-08-30             -19.9                  洗衣机清洁剂  pocket
53        2019-08-30               0.3                     NaN  pocket
54        2019-08-30               -21                      馄饨  pocket
51        2019-08-30            -59.39                      叮咚  pocket
48        2019-08-31                 3                     NaN  pocket
47        2019-08-31               -23                     星巴克  pocket
46        2019-08-31             -29.3                      鸡排  pocket
45        2019-08-31            -135.3                     精悦蓉  pocket
44        2019-08-31         -10342.08                      机票  pocket
43        2019-09-02           -171.48                     NaN  pocket
42        2019-09-02            -28.52                     外婆家  pocket
33        2019-09-03            -87.99                     猕猴桃  pocket
32        2019-09-03              -336                      蟹券  pocket
26        2019-09-04             -34.5                     麻辣烫  pocket
20        2019-09-05                35                     NaN  pocket
19        2019-09-05             -26.8                    耶里夏丽  pocket
21        2019-09-05            -134.2                     NaN  pocket
12        2019-09-06            -149.3                      蟹煲  pocket
11        2019-09-07             -30.8                      皇茶  pocket
10        2019-09-07               0.1                     NaN  pocket

[107 rows x 4 columns]
[2019-09-09 22:33:47,205] INFO : ====================== check by pair =========================
[2019-09-09 22:33:47,218] INFO : [checked] (18, '2019-08-04T00:00:00.000000000', Decimal('-17.52'), '支付宝-三立人（深圳）科技有限公司', 'cmb') - [[Timestamp('2019-08-04 00:00:00') Decimal('17.52') '焦内' 'pocket']]
[2019-09-09 22:33:47,225] INFO : [checked] (22, '2019-08-07T00:00:00.000000000', Decimal('180'), '美团点评-美团支付-美团支付', 'cmb') - [[Timestamp('2019-08-07 00:00:00') Decimal('-180') '宝燕' 'pocket']]
[2019-09-09 22:33:47,272] INFO : [checked] (34, '2019-08-08T00:00:00.000000000', Decimal('56.35'), '京东到家\xa0\xa0\xa0\xa0\xa0\xa0\xa0\xa0\xa0\xa0\xa0\xa0\xa0\xa0\xa0\xa0(MI\xa0PAY:9361)', 'cmb') - [[Timestamp('2019-08-08 00:00:00') Decimal('-56.35') '牛奶' 'pocket']]
[2019-09-09 22:33:47,295] INFO : [checked] (30, '2019-08-08T00:00:00.000000000', Decimal('263.08'), '支付宝-汕头市嘉懋贸易有限公司', 'cmb') - [[Timestamp('2019-08-08 00:00:00') Decimal('-263.08') '沐浴露 内裤' 'pocket']]
[2019-09-09 22:33:47,302] INFO : [checked] (28, '2019-08-08T00:00:00.000000000', Decimal('271.59'), '支付宝-江西凌渲电子商务有限公司', 'cmb') - [[Timestamp('2019-08-08 00:00:00') Decimal('-271.59') '防尘罩' 'pocket']]
[2019-09-09 22:33:47,328] INFO : [checked] (44, '2019-08-09T00:00:00.000000000', Decimal('190.75'), '支付宝-中化道达尔油品有限公司上海周', 'cmb') - [[Timestamp('2019-08-09 00:00:00') Decimal('-190.75') '加油' 'pocket']]
[2019-09-09 22:33:47,342] INFO : [checked] (46, '2019-08-09T00:00:00.000000000', Decimal('35.9'), '支付宝-深圳市曼思钢不锈钢制品有限公', 'cmb') - [[Timestamp('2019-08-09 00:00:00') Decimal('-35.9') '粉抓' 'pocket']]
[2019-09-09 22:33:47,359] INFO : [checked] (50, '2019-08-10T00:00:00.000000000', Decimal('60.8'), '支付宝-上海盒马', 'cmb') - [[Timestamp('2019-08-10 00:00:00') Decimal('-60.8') '三文鱼 橙汁' 'pocket']]
[2019-09-09 22:33:47,365] INFO : [checked] (52, '2019-08-10T00:00:00.000000000', Decimal('96'), '支付宝-上海宝燕网络科技有限公司', 'cmb') - [[Timestamp('2019-08-10 00:00:00') Decimal('-96') '宝燕到家 味全' 'pocket']]
[2019-09-09 22:33:47,381] INFO : [checked] (64, '2019-08-11T00:00:00.000000000', Decimal('25.1'), '支付宝-上海拉扎斯信息科技有限公司', 'cmb') - [[Timestamp('2019-08-11 00:00:00') Decimal('-25.1') '白斩鸡' 'pocket']]
[2019-09-09 22:33:47,408] INFO : [checked] (60, '2019-08-11T00:00:00.000000000', Decimal('43.95'), '支付宝-上海壹佰米网络科技有限公司', 'cmb') - [[Timestamp('2019-08-11 00:00:00') Decimal('-43.95') '叮咚 葡萄 车厘子' 'pocket']]
[2019-09-09 22:33:47,424] INFO : [checked] (62, '2019-08-11T00:00:00.000000000', Decimal('96'), '支付宝-上海壹佰米网络科技有限公司', 'cmb') - [[Timestamp('2019-08-11 00:00:00') Decimal('-96') '叮咚冲会员' 'pocket']]
[2019-09-09 22:33:47,453] INFO : [checked] (70, '2019-08-12T00:00:00.000000000', Decimal('1000'), '财付通-小菜园', 'cmb') - [[Timestamp('2019-08-12 00:00:00') Decimal('-1000') nan 'pocket']]
[2019-09-09 22:33:47,463] INFO : [checked] (66, '2019-08-12T00:00:00.000000000', Decimal('-0.3'), '回馈金', 'cmb') - [[Timestamp('2019-08-12 00:00:00') Decimal('0.3') nan 'pocket']]
[2019-09-09 22:33:47,486] INFO : [checked] (68, '2019-08-12T00:00:00.000000000', Decimal('149.3'), '支付宝-上海拉扎斯信息科技有限公司', 'cmb') - [[Timestamp('2019-08-12 00:00:00') Decimal('-149.3') '精悦蓉' 'pocket']]
[2019-09-09 22:33:47,535] INFO : [checked] (84, '2019-08-14T00:00:00.000000000', Decimal('15'), '支付宝-金拱门（中国）有限公司', 'cmb') - [[Timestamp('2019-08-14 00:00:00') Decimal('-15') '汉堡' 'pocket']]
[2019-09-09 22:33:47,543] INFO : [checked] (86, '2019-08-14T00:00:00.000000000', Decimal('6'), '财付通-智购猫zhigoumao', 'cmb') - [[Timestamp('2019-08-14 00:00:00') Decimal('-6') '泡面' 'pocket']]
[2019-09-09 22:33:47,557] INFO : [checked] (94, '2019-08-15T00:00:00.000000000', Decimal('15.55'), '鲜丰水果', 'cmb') - [[Timestamp('2019-08-15 00:00:00') Decimal('-15.55') nan 'pocket']]
[2019-09-09 22:33:47,603] INFO : [checked] (90, '2019-08-15T00:00:00.000000000', Decimal('-0.3'), '回馈金', 'cmb') - [[Timestamp('2019-08-15 00:00:00') Decimal('0.3') nan 'pocket']]
[2019-09-09 22:33:47,616] INFO : [checked] (112, '2019-08-17T00:00:00.000000000', Decimal('109.6'), '支付宝-上海宝燕网络科技有限公司', 'cmb') - [[Timestamp('2019-08-17 00:00:00') Decimal('-109.6') '梭子蟹' 'pocket']]
[2019-09-09 22:33:47,620] INFO : [checked] (110, '2019-08-17T00:00:00.000000000', Decimal('0.3'), '回馈金调回', 'cmb') - [[Timestamp('2019-08-17 00:00:00') Decimal('-0.3') '奖励金回调' 'pocket']]
[2019-09-09 22:33:47,624] INFO : [checked] (114, '2019-08-17T00:00:00.000000000', Decimal('38.8'), '支付宝-上海拉扎斯信息科技有限公司', 'cmb') - [[Timestamp('2019-08-17 00:00:00') Decimal('-38.8') '牛奶' 'pocket']]
[2019-09-09 22:33:47,638] INFO : [checked] (126, '2019-08-18T00:00:00.000000000', Decimal('25.03'), '支付宝-上海壹佰米网络科技有限公司', 'cmb') - [[Timestamp('2019-08-18 00:00:00') Decimal('-25.03') '葡萄 无花果' 'pocket']]
[2019-09-09 22:33:47,646] INFO : [checked] (122, '2019-08-18T00:00:00.000000000', Decimal('47'), '支付宝-上海拉扎斯信息科技有限公司', 'cmb') - [[Timestamp('2019-08-18 00:00:00') Decimal('-47') '味全' 'pocket']]
[2019-09-09 22:33:47,654] INFO : [checked] (124, '2019-08-18T00:00:00.000000000', Decimal('22.3'), '支付宝-上海拉扎斯信息科技有限公司', 'cmb') - [[Timestamp('2019-08-18 00:00:00') Decimal('-22.3') '泰煌鸡' 'pocket']]
[2019-09-09 22:33:47,670] INFO : [checked] (120, '2019-08-18T00:00:00.000000000', Decimal('228.73'), '捷付-有品信息科技有限公司', 'cmb') - [[Timestamp('2019-08-18 00:00:00') Decimal('-228.73') '充电器 耳机' 'pocket']]
[2019-09-09 22:33:47,689] INFO : [checked] (132, '2019-08-19T00:00:00.000000000', Decimal('146.27'), '支付宝-上海拉扎斯信息科技有限公司', 'cmb') - [[Timestamp('2019-08-19 00:00:00') Decimal('-146.27') '精悦蓉' 'pocket']]
[2019-09-09 22:33:47,693] INFO : [checked] (134, '2019-08-20T00:00:00.000000000', Decimal('-1'), '回馈金-天天红包', 'cmb') - [[Timestamp('2019-08-20 00:00:00') Decimal('1') nan 'pocket']]
[2019-09-09 22:33:47,701] INFO : [checked] (136, '2019-08-20T00:00:00.000000000', Decimal('67'), '支付宝-HQG,\xa0Limited', 'cmb') - [[Timestamp('2019-08-20 00:00:00') Decimal('-67') '洗面奶' 'pocket']]
[2019-09-09 22:33:47,708] INFO : [checked] (138, '2019-08-20T00:00:00.000000000', Decimal('2000'), '支付宝-钟建', 'cmb') - [[Timestamp('2019-08-20 00:00:00') Decimal('-2000') '艾尔沙龙充值' 'pocket']]
[2019-09-09 22:33:47,716] INFO : [checked] (140, '2019-08-21T00:00:00.000000000', Decimal('34.87'), '嘀嗒出行', 'cmb') - [[Timestamp('2019-08-21 00:00:00') Decimal('-34.87') '打车' 'pocket']]
[2019-09-09 22:33:47,723] INFO : [checked] (142, '2019-08-21T00:00:00.000000000', Decimal('12'), '支付宝-津味(上海)餐饮管理有限公', 'cmb') - [[Timestamp('2019-08-21 00:00:00') Decimal('-12') '小笼' 'pocket']]
[2019-09-09 22:33:47,737] INFO : [checked] (144, '2019-08-21T00:00:00.000000000', Decimal('42'), '支付宝-林玲萍', 'cmb') - [[Timestamp('2019-08-21 00:00:00') Decimal('-42') '牛肉面' 'pocket']]
[2019-09-09 22:33:47,742] INFO : [checked] (154, '2019-08-22T00:00:00.000000000', Decimal('26.88'), '支付宝-上海拉扎斯信息科技有限公司', 'cmb') - [[Timestamp('2019-08-22 00:00:00') Decimal('-26.88') '麻辣烫' 'pocket']]
[2019-09-09 22:33:47,748] INFO : [checked] (152, '2019-08-22T00:00:00.000000000', Decimal('18'), '支付宝-西府煲肉夹馍上海国济路店', 'cmb') - [[Timestamp('2019-08-22 00:00:00') Decimal('-18') '肉夹馍' 'pocket']]
[2019-09-09 22:33:47,770] INFO : [checked] (160, '2019-08-24T00:00:00.000000000', Decimal('-0.5'), '回馈金', 'cmb') - [[Timestamp('2019-08-24 00:00:00') Decimal('0.5') nan 'pocket']]
[2019-09-09 22:33:47,774] INFO : [checked] (162, '2019-08-24T00:00:00.000000000', Decimal('-1'), '回馈金-天天红包', 'cmb') - [[Timestamp('2019-08-24 00:00:00') Decimal('1') nan 'pocket']]
[2019-09-09 22:33:47,782] INFO : [checked] (164, '2019-08-24T00:00:00.000000000', Decimal('35.7'), '支付宝-上海拉扎斯信息科技有限公司', 'cmb') - [[Timestamp('2019-08-24 00:00:00') Decimal('-35.7') '牛奶' 'pocket']]
[2019-09-09 22:33:47,788] INFO : [checked] (166, '2019-08-24T00:00:00.000000000', Decimal('1212'), '支付宝-上海长城宽带网络服务有限公司', 'cmb') - [[Timestamp('2019-08-24 00:00:00') Decimal('-1212') '长城宽带' 'pocket']]
[2019-09-09 22:33:47,798] INFO : [checked] (172, '2019-08-26T00:00:00.000000000', Decimal('-0.66'), '支付宝-上海壹佰米网络科技有限公司', 'cmb') - [[Timestamp('2019-08-26 00:00:00') Decimal('0.66') nan 'pocket']]
[2019-09-09 22:33:47,803] INFO : [checked] (168, '2019-08-26T00:00:00.000000000', Decimal('37'), '支付宝-上海壹佰米网络科技有限公司', 'cmb') - [[Timestamp('2019-08-26 00:00:00') Decimal('-37') '叮咚' 'pocket']]
[2019-09-09 22:33:47,809] INFO : [checked] (170, '2019-08-26T00:00:00.000000000', Decimal('23'), '支付宝-施军娟', 'cmb') - [[Timestamp('2019-08-26 00:00:00') Decimal('-23') '老鸭粉丝汤' 'pocket']]
[2019-09-09 22:33:47,816] INFO : [checked] (176, '2019-08-27T00:00:00.000000000', Decimal('49'), '支付宝-HQG,\xa0Limited', 'cmb') - [[Timestamp('2019-08-27 00:00:00') Decimal('-49') '芳芯' 'pocket']]
[2019-09-09 22:33:47,823] INFO : [checked] (178, '2019-08-27T00:00:00.000000000', Decimal('12'), '支付宝-广州首顺电子科技有限公司', 'cmb') - [[Timestamp('2019-08-27 00:00:00') Decimal('-12') 'hifi会员' 'pocket']]
[2019-09-09 22:33:47,831] INFO : [checked] (174, '2019-08-27T00:00:00.000000000', Decimal('-0.3'), '回馈金', 'cmb') - [[Timestamp('2019-08-27 00:00:00') Decimal('0.3') nan 'pocket']]
[2019-09-09 22:33:47,840] INFO : [checked] (182, '2019-08-28T00:00:00.000000000', Decimal('49.51'), '支付宝-上海壹佰米网络科技有限公司', 'cmb') - [[Timestamp('2019-08-28 00:00:00') Decimal('-49.51') '叮咚' 'pocket']]
[2019-09-09 22:33:47,850] INFO : [checked] (186, '2019-08-28T00:00:00.000000000', Decimal('-8.99'), '支付宝-上海壹佰米网络科技有限公司', 'cmb') - [[Timestamp('2019-08-28 00:00:00') Decimal('8.99') '叮咚' 'pocket']]
[2019-09-09 22:33:47,855] INFO : [checked] (188, '2019-08-29T00:00:00.000000000', Decimal('30.52'), '支付宝-上海壹佰米网络科技有限公司', 'cmb') - [[Timestamp('2019-08-29 00:00:00') Decimal('-30.52') '叮咚' 'pocket']]
[2019-09-09 22:33:47,863] INFO : [checked] (190, '2019-08-29T00:00:00.000000000', Decimal('999'), '财付通-冰火名家', 'cmb') - [[Timestamp('2019-08-29 00:00:00') Decimal('-999') nan 'pocket']]
[2019-09-09 22:33:47,872] INFO : [checked] (202, '2019-08-30T00:00:00.000000000', Decimal('19.9'), '支付宝-HQG,\xa0Limited', 'cmb') - [[Timestamp('2019-08-30 00:00:00') Decimal('-19.9') '洗衣机清洁剂' 'pocket']]
[2019-09-09 22:33:47,881] INFO : [checked] (192, '2019-08-30T00:00:00.000000000', Decimal('-0.3'), '回馈金', 'cmb') - [[Timestamp('2019-08-30 00:00:00') Decimal('0.3') nan 'pocket']]
[2019-09-09 22:33:47,886] INFO : [checked] (194, '2019-08-30T00:00:00.000000000', Decimal('34.7'), '支付宝-上海拉扎斯信息科技有限公司', 'cmb') - [[Timestamp('2019-08-30 00:00:00') Decimal('-34.7') '牛奶' 'pocket']]
[2019-09-09 22:33:47,890] INFO : [checked] (196, '2019-08-30T00:00:00.000000000', Decimal('62.59'), '支付宝-上海壹佰米网络科技有限公司', 'cmb') - [[Timestamp('2019-08-30 00:00:00') Decimal('-62.59') '叮咚' 'pocket']]
[2019-09-09 22:33:47,897] INFO : [checked] (198, '2019-08-30T00:00:00.000000000', Decimal('59.39'), '支付宝-上海壹佰米网络科技有限公司', 'cmb') - [[Timestamp('2019-08-30 00:00:00') Decimal('-59.39') '叮咚' 'pocket']]
[2019-09-09 22:33:47,901] INFO : [checked] (200, '2019-08-30T00:00:00.000000000', Decimal('21'), '支付宝-上海尔广餐饮管理有限公司第一', 'cmb') - [[Timestamp('2019-08-30 00:00:00') Decimal('-21') '馄饨' 'pocket']]
[2019-09-09 22:33:47,906] INFO : [checked] (214, '2019-08-31T00:00:00.000000000', Decimal('23'), '手机银行饭票-星巴克38元大杯夏季特*', 'cmb') - [[Timestamp('2019-08-31 00:00:00') Decimal('-23') '星巴克' 'pocket']]
[2019-09-09 22:33:47,912] INFO : [checked] (212, '2019-08-31T00:00:00.000000000', Decimal('135.3'), '支付宝-上海拉扎斯信息科技有限公司', 'cmb') - [[Timestamp('2019-08-31 00:00:00') Decimal('-135.3') '精悦蓉' 'pocket']]
[2019-09-09 22:33:47,920] INFO : [checked] (206, '2019-08-31T00:00:00.000000000', Decimal('10342.08'), '支付宝-Cebu\xa0Air,Inc.', 'cmb') - [[Timestamp('2019-08-31 00:00:00') Decimal('-10342.08') '机票' 'pocket']]
[2019-09-09 22:33:47,932] INFO : [checked] (204, '2019-08-31T00:00:00.000000000', Decimal('-3'), '回馈金-天天红包', 'cmb') - [[Timestamp('2019-08-31 00:00:00') Decimal('3') nan 'pocket']]
[2019-09-09 22:33:47,936] INFO : [checked] (210, '2019-08-31T00:00:00.000000000', Decimal('29.3'), '支付宝-上海拉扎斯信息科技有限公司', 'cmb') - [[Timestamp('2019-08-31 00:00:00') Decimal('-29.3') '鸡排' 'pocket']]
[2019-09-09 22:33:47,965] INFO : [checked] (222, '2019-09-03T00:00:00.000000000', Decimal('87.99'), '苏宁易付宝-上海奉浦苏宁', 'cmb') - [[Timestamp('2019-09-03 00:00:00') Decimal('-87.99') '猕猴桃' 'pocket']]
[2019-09-09 22:33:47,970] INFO : [checked] (224, '2019-09-03T00:00:00.000000000', Decimal('336'), '网易考拉\xa0\xa0\xa0\xa0\xa0\xa0\xa0\xa0\xa0\xa0\xa0\xa0\xa0\xa0\xa0\xa0(MI\xa0PAY:9361)', 'cmb') - [[Timestamp('2019-09-03 00:00:00') Decimal('-336') '蟹券' 'pocket']]
[2019-09-09 22:33:47,979] INFO : [checked] (228, '2019-09-04T00:00:00.000000000', Decimal('34.5'), '支付宝-上海拉扎斯信息科技有限公司', 'cmb') - [[Timestamp('2019-09-04 00:00:00') Decimal('-34.5') '麻辣烫' 'pocket']]
[2019-09-09 22:33:47,988] INFO : [checked] (230, '2019-09-05T00:00:00.000000000', Decimal('-35'), '回馈金', 'cmb') - [[Timestamp('2019-09-05 00:00:00') Decimal('35') nan 'pocket']]
[2019-09-09 22:33:47,995] INFO : [checked] (234, '2019-09-06T00:00:00.000000000', Decimal('149.3'), '支付宝-上海拉扎斯信息科技有限公司', 'cmb') - [[Timestamp('2019-09-06 00:00:00') Decimal('-149.3') '蟹煲' 'pocket']]
[2019-09-09 22:33:47,997] INFO : ====================== POCKET =========================
[2019-09-09 22:33:47,998] INFO : 2019-08-02 -31.5 信食汇
[2019-09-09 22:33:47,998] INFO : 2019-08-02 0.3 nan
[2019-09-09 22:33:47,998] INFO : 2019-08-02 -220.5 nan
[2019-09-09 22:33:47,998] INFO : 2019-08-02 -25.18 拼车
[2019-09-09 22:33:47,999] INFO : 2019-08-04 -94.05 焦内
[2019-09-09 22:33:47,999] INFO : 2019-08-04 -34.8 牛奶
[2019-09-09 22:33:47,999] INFO : 2019-08-06 -243.6 nan
[2019-09-09 22:33:47,999] INFO : 2019-08-06 -30.4 外婆家
[2019-09-09 22:33:48,001] INFO : 2019-08-06 0.6 nan
[2019-09-09 22:33:48,001] INFO : 2019-08-08 -254.66 nan
[2019-09-09 22:33:48,001] INFO : 2019-08-08 71.17 摩登主妇
[2019-09-09 22:33:48,016] INFO : 2019-08-08 -36.34 信食汇
[2019-09-09 22:33:48,017] INFO : 2019-08-09 -162.75 nan
[2019-09-09 22:33:48,017] INFO : 2019-08-09 5.72 掌上生活
[2019-09-09 22:33:48,017] INFO : 2019-08-09 -16.25 新白鹿
[2019-09-09 22:33:48,018] INFO : 2019-08-11 1.1 nan
[2019-09-09 22:33:48,018] INFO : 2019-08-13 -168.9 nan
[2019-09-09 22:33:48,018] INFO : 2019-08-13 -28.1 外婆家
[2019-09-09 22:33:48,018] INFO : 2019-08-13 0.6 nan
[2019-09-09 22:33:48,018] INFO : 2019-08-14 -28.42 新白鹿
[2019-09-09 22:33:48,019] INFO : 2019-08-14 0.6 nan
[2019-09-09 22:33:48,019] INFO : 2019-08-14 -170.58 nan
[2019-09-09 22:33:48,019] INFO : 2019-08-15 -252.91 nan
[2019-09-09 22:33:48,020] INFO : 2019-08-15 -26.09 信食汇
[2019-09-09 22:33:48,020] INFO : 2019-08-18 0.6 nan
[2019-09-09 22:33:48,020] INFO : 2019-08-19 -34.6 外婆家
[2019-09-09 22:33:48,020] INFO : 2019-08-19 -138.4 nan
[2019-09-09 22:33:48,021] INFO : 2019-08-22 100 nan
[2019-09-09 22:33:48,021] INFO : 2019-08-22 -32 信食汇
[2019-09-09 22:33:48,021] INFO : 2019-08-22 -224 nan
[2019-09-09 22:33:48,021] INFO : 2019-08-23 -334.32 nan
[2019-09-09 22:33:48,021] INFO : 2019-08-23 -55.68 顺风
[2019-09-09 22:33:48,022] INFO : 2019-08-23 2277.98 nan
[2019-09-09 22:33:48,022] INFO : 2019-08-24 4000 nan
[2019-09-09 22:33:48,022] INFO : 2019-08-28 -148 nan
[2019-09-09 22:33:48,022] INFO : 2019-08-28 -36.97 外婆家
[2019-09-09 22:33:48,022] INFO : 2019-09-02 -171.48 nan
[2019-09-09 22:33:48,023] INFO : 2019-09-02 -28.52 外婆家
[2019-09-09 22:33:48,023] INFO : 2019-09-05 -26.8 耶里夏丽
[2019-09-09 22:33:48,023] INFO : 2019-09-05 -134.2 nan
[2019-09-09 22:33:48,023] INFO : 2019-09-07 -30.8 皇茶
[2019-09-09 22:33:48,024] INFO : 2019-09-07 0.1 nan
[2019-09-09 22:33:48,024] INFO : ====================== CMB =========================
[2019-09-09 22:33:48,024] INFO : 2019-08-06 -100 大众出行
[2019-09-09 22:33:48,024] INFO : 2019-08-07 86 餐饮优惠券
[2019-09-09 22:33:48,024] INFO : 2019-08-08 -11.73 支付宝-江西凌渲电子商务有限公司
[2019-09-09 22:33:48,025] INFO : 2019-08-08 -26.97 支付宝-江西凌渲电子商务有限公司
[2019-09-09 22:33:48,025] INFO : 2019-08-08 -10.82 支付宝-江西凌渲电子商务有限公司
[2019-09-09 22:33:48,025] INFO : 2019-08-08 -21.65 支付宝-江西凌渲电子商务有限公司
[2019-09-09 22:33:48,025] INFO : 2019-08-08 111 支付宝-信食汇
[2019-09-09 22:33:48,025] INFO : 2019-08-08 180 美团点评-美团支付-美团支付
[2019-09-09 22:33:48,026] INFO : 2019-08-09 93 餐饮优惠券
[2019-09-09 22:33:48,026] INFO : 2019-08-11 -0.3 回馈金
[2019-09-09 22:33:48,026] INFO : 2019-08-11 -0.5 回馈金
[2019-09-09 22:33:48,027] INFO : 2019-08-11 -0.3 回馈金
[2019-09-09 22:33:48,027] INFO : 2019-08-13 -0.3 回馈金
[2019-09-09 22:33:48,027] INFO : 2019-08-13 -0.3 回馈金
[2019-09-09 22:33:48,028] INFO : 2019-08-13 170 美团点评-美团支付-美团支付
[2019-09-09 22:33:48,028] INFO : 2019-08-13 27 支付宝-外婆家餐饮集团有限公司
[2019-09-09 22:33:48,028] INFO : 2019-08-14 -0.3 回馈金
[2019-09-09 22:33:48,029] INFO : 2019-08-14 -0.3 回馈金
[2019-09-09 22:33:48,029] INFO : 2019-08-14 199 餐饮优惠券
[2019-09-09 22:33:48,029] INFO : 2019-08-15 -90 手机银行饭票
[2019-09-09 22:33:48,029] INFO : 2019-08-15 -165 手机银行饭票
[2019-09-09 22:33:48,030] INFO : 2019-08-15 -90 餐饮优惠券
[2019-09-09 22:33:48,030] INFO : 2019-08-15 165 手机银行饭票-信食?餐厅100元代金*
[2019-09-09 22:33:48,030] INFO : 2019-08-15 90 餐饮优惠券
[2019-09-09 22:33:48,031] INFO : 2019-08-15 270 美团点评-美团支付-美团支付
[2019-09-09 22:33:48,031] INFO : 2019-08-15 9 支付宝-信食汇
[2019-09-09 22:33:48,031] INFO : 2019-08-15 90 手机银行饭票-信食?餐厅100元代金*
[2019-09-09 22:33:48,031] INFO : 2019-08-18 -0.3 回馈金
[2019-09-09 22:33:48,032] INFO : 2019-08-18 -0.3 回馈金
[2019-09-09 22:33:48,032] INFO : 2019-08-19 170 美团点评-美团支付-美团支付
[2019-09-09 22:33:48,032] INFO : 2019-08-19 3 支付宝-外婆家餐饮集团有限公司
[2019-09-09 22:33:48,032] INFO : 2019-08-22 -20.88 支付宝-上海拉扎斯信息科技有限公司
[2019-09-09 22:33:48,033] INFO : 2019-08-22 180 美团点评-美团支付-美团支付
[2019-09-09 22:33:48,033] INFO : 2019-08-22 76 支付宝-信食汇
[2019-09-09 22:33:48,033] INFO : 2019-08-22 20.88 支付宝-上海拉扎斯信息科技有限公司
[2019-09-09 22:33:48,034] INFO : 2019-08-23 390 支付宝-上海金时代顺风大酒店四平路店
[2019-09-09 22:33:48,034] INFO : 2019-08-28 170 美团点评-美团支付-美团支付
[2019-09-09 22:33:48,035] INFO : 2019-08-28 14.97 支付宝-外婆家餐饮集团有限公司
[2019-09-09 22:33:48,035] INFO : 2019-08-31 -796 支付宝-浙江美达国际旅行社有限公司上
[2019-09-09 22:33:48,036] INFO : 2019-08-31 796 支付宝-浙江美达国际旅行社有限公司上
[2019-09-09 22:33:48,037] INFO : 2019-09-02 170 美团点评-美团支付-美团支付
[2019-09-09 22:33:48,037] INFO : 2019-09-02 30 支付宝-外婆家餐饮集团有限公司
[2019-09-09 22:33:48,038] INFO : 2019-09-03 9.78 顺丰速运
[2019-09-09 22:33:48,038] INFO : 2019-09-05 161 财付通-耶里夏丽政通店
[2019-09-09 22:33:48,038] INFO : ====================== check by sum =========================
[2019-09-09 22:33:48,070] INFO : ====================== Total Rest Records =========================
[2019-09-09 22:33:48,076] INFO : (Timestamp('2019-08-02 00:00:00'),    transaction_date    type transction_amount transaction_description
44       2019-08-02  pocket             -31.5                     信食汇
45       2019-08-02  pocket               0.3                     NaN
46       2019-08-02  pocket            -220.5                     NaN
47       2019-08-02  pocket            -25.18                      拼车)
[2019-09-09 22:33:48,109] INFO : (Timestamp('2019-08-04 00:00:00'),    transaction_date    type transction_amount transaction_description
48       2019-08-04  pocket            -94.05                      焦内
49       2019-08-04  pocket             -34.8                      牛奶)
[2019-09-09 22:33:48,132] INFO : (Timestamp('2019-08-06 00:00:00'),    transaction_date    type transction_amount transaction_description
0        2019-08-06     cmb              -100                    大众出行
50       2019-08-06  pocket            -243.6                     NaN
51       2019-08-06  pocket             -30.4                     外婆家
52       2019-08-06  pocket               0.6                     NaN)
[2019-09-09 22:33:48,154] INFO : (Timestamp('2019-08-07 00:00:00'),   transaction_date type transction_amount transaction_description
1       2019-08-07  cmb                86                   餐饮优惠券)
[2019-09-09 22:33:48,175] INFO : (Timestamp('2019-08-09 00:00:00'),    transaction_date    type transction_amount transaction_description
8        2019-08-09     cmb                93                   餐饮优惠券
56       2019-08-09  pocket           -162.75                     NaN
57       2019-08-09  pocket              5.72                    掌上生活
58       2019-08-09  pocket            -16.25                     新白鹿)
[2019-09-09 22:33:48,196] INFO : (Timestamp('2019-08-22 00:00:00'),    transaction_date    type transction_amount transaction_description
31       2019-08-22     cmb            -20.88       支付宝-上海拉扎斯信息科技有限公司
32       2019-08-22     cmb               180          美团点评-美团支付-美团支付
33       2019-08-22     cmb                76                 支付宝-信食汇
34       2019-08-22     cmb             20.88       支付宝-上海拉扎斯信息科技有限公司
71       2019-08-22  pocket               100                     NaN
72       2019-08-22  pocket               -32                     信食汇
73       2019-08-22  pocket              -224                     NaN)
[2019-09-09 22:33:48,219] INFO : (Timestamp('2019-08-23 00:00:00'),    transaction_date    type transction_amount transaction_description
35       2019-08-23     cmb               390      支付宝-上海金时代顺风大酒店四平路店
74       2019-08-23  pocket           -334.32                     NaN
75       2019-08-23  pocket            -55.68                      顺风
76       2019-08-23  pocket           2277.98                     NaN)
[2019-09-09 22:33:48,236] INFO : (Timestamp('2019-08-24 00:00:00'),    transaction_date    type transction_amount transaction_description
77       2019-08-24  pocket              4000                     NaN)
[2019-09-09 22:33:48,259] INFO : (Timestamp('2019-09-03 00:00:00'),    transaction_date type transction_amount transaction_description
42       2019-09-03  cmb              9.78                    顺丰速运)
[2019-09-09 22:33:48,279] INFO : (Timestamp('2019-09-07 00:00:00'),    transaction_date    type transction_amount transaction_description
84       2019-09-07  pocket             -30.8                      皇茶
85       2019-09-07  pocket               0.1                     NaN)
[2019-09-09 22:33:48,298] INFO : [success] count check of cmb is ok. 9 cmb records remain to be recorded
[2019-09-09 22:33:48,299] INFO : Success checked count by pair: 65
        Total cmb count: 109     Rest cmb count:9
        Total pocket count: 107  Rest pocket count: 21
[2019-09-09 22:33:48,299] INFO : ====================== finished =========================
